
ROM used:   684/2048 (33%)
            684/2048 (33%) including unused fragments

            0.7 Average locations per line
            5.4 Average locations per statement

RAM used:   20/224 (9%) at main() level
            39/224 (17%) worst case

Stack used: 1 worst case (0 in main + 1 for interrupts)
Stack size: 8

Lines Stmts  %   Files
----- ----- ---  -----
   69    23  18  müsteri_sayici.c
    9     0   0  müsteri_sayici.h
  508     0   0  ..\..\..\Program Files (x86)\PICC\Devices\16F628A.h
  456   104  82  ..\..\..\Program Files (x86)\PICC\Drivers\lcd.c
----- -----
 1042   127 Total

Page ROM  %  RAM   Vol Diff  Functions:
---- --- --- ---   --- ----  ----------
0     21   3    1             @delay_ms1
0      8   1    0    33  1.3  RTCC_isr
0     12   2    0    48  0.9  EXT_isr
0      8   1    0             @const559
 Inline         3   760  4.5  lcd_read_byte
0     49   7    2   262  3.7  lcd_read_nibble
0     43   6    1   399  2.4  lcd_send_nibble
0     92  13    3   415  3.7  lcd_send_byte
0     59   9    2   704  5.0  lcd_init
0     18   3    4   208  6.3  lcd_gotoxy
0     44   6    1   354  4.7  lcd_putc
0    110  16    1   552  3.8  MAIN
0     17   2    0             @const593
0     12   2    0             @const594
0    128  19    9             @PRINTF_LD_578
0     12   2    0             @const597
 Inline         0             @cinit1

Program metrics:
    Functions               10
    Statements              127
    Comments                226
    Volume (V)              5810
    Difficulty (D)          36.2
    Effort to implement (E) 210608
    Time to implement (T)   3 hours, 15 minutes
    Est Delivered Bugs (B)  1
    Cyclomatic Complexity   9
    Maintainability (MI)    141

 Segment     Used  Free
-----------  ----  ----
00000-00003     4  0  
00004-00032    47  0  
00033-007FF   633  1364  



